<?xml version="1.0" encoding="UTF-8"?>
<!-- Generated by org.testng.reporters.JUnitXMLReporter -->
<testsuite ignored="0" hostname="Mannu" failures="0" tests="1" name="Default test(failed)" time="0.134" errors="0" timestamp="2025-01-05T15:54:24 IST">
  <testcase classname="com.qa.rahulshetty.testBase.BaseTestClass" name="@BeforeClass setup" time="-1.736072664583E9">
    <failure type="org.testng.TestNGException" message="
Parameter &amp;apos;os&amp;apos; is required by BeforeClass on method setup but has not been marked @Optional or defined
in C:\Users\MANOJ KUMAR\eclipse-workspace\rahulshetty\test-output\testng-failed.xml">
      <![CDATA[org.testng.TestNGException: 
Parameter 'os' is required by BeforeClass on method setup but has not been marked @Optional or defined
in C:\Users\MANOJ KUMAR\eclipse-workspace\rahulshetty\test-output\testng-failed.xml
at java.base/java.util.ArrayList.forEach(ArrayList.java:1597)
... Removed 22 stack frames]]>
    </failure>
  </testcase> <!-- @BeforeClass setup -->
  <testcase classname="com.qa.rahulshetty.testBase.BaseTestClass" name="@AfterClass tearDown" time="0.0">
    <skipped/>
  </testcase> <!-- @AfterClass tearDown -->
  <testcase classname="com.qa.rahulshetty.testCases.TC001_UserRegister" name="verifyAccountRegister" time="0.001">
    <skipped/>
  </testcase> <!-- verifyAccountRegister -->
</testsuite> <!-- Default test(failed) -->
